[INFO  - 2017-04-11T14:12:59.864Z] GhostDriver - Main - running on port 30312
[INFO  - 2017-04-11T14:13:00.060Z] Session [f7f34980-1ec0-11e7-a1bd-a72b8838987c] - page.settings - {"XSSAuditingEnabled":false,"javascriptCanCloseWindows":true,"javascriptCanOpenWindows":true,"javascriptEnabled":true,"loadImages":true,"localToRemoteUrlAccessEnabled":false,"userAgent":"Mozilla/5.0 (Unknown; Linux x86_64) AppleWebKit/538.1 (KHTML, like Gecko) PhantomJS/2.1.1 Safari/538.1","webSecurityEnabled":true}
[INFO  - 2017-04-11T14:13:00.060Z] Session [f7f34980-1ec0-11e7-a1bd-a72b8838987c] - page.customHeaders:  - {}
[INFO  - 2017-04-11T14:13:00.060Z] Session [f7f34980-1ec0-11e7-a1bd-a72b8838987c] - Session.negotiatedCapabilities - {"browserName":"phantomjs","version":"2.1.1","driverName":"ghostdriver","driverVersion":"1.2.0","platform":"linux-unknown-64bit","javascriptEnabled":true,"takesScreenshot":true,"handlesAlerts":false,"databaseEnabled":false,"locationContextEnabled":false,"applicationCacheEnabled":false,"browserConnectionEnabled":false,"cssSelectorsEnabled":true,"webStorageEnabled":false,"rotatable":false,"acceptSslCerts":false,"nativeEvents":true,"proxy":{"proxyType":"direct"}}
[INFO  - 2017-04-11T14:13:00.061Z] SessionManagerReqHand - _postNewSessionCommand - New Session Created: f7f34980-1ec0-11e7-a1bd-a72b8838987c
[ERROR - 2017-04-11T14:13:00.382Z] WebElementLocator - _handleLocateCommand - Element(s) NOT Found: GAVE UP. Search Stop Time: 1491919980362
[INFO  - 2017-04-11T14:13:00.539Z] ShutdownReqHand - _handle - About to shutdown
[INFO  - 2017-04-11T14:16:37.871Z] GhostDriver - Main - running on port 8708
[INFO  - 2017-04-11T14:16:38.109Z] Session [79eaec90-1ec1-11e7-82cc-67a1e2201eb7] - page.settings - {"XSSAuditingEnabled":false,"javascriptCanCloseWindows":true,"javascriptCanOpenWindows":true,"javascriptEnabled":true,"loadImages":true,"localToRemoteUrlAccessEnabled":false,"userAgent":"Mozilla/5.0 (Unknown; Linux x86_64) AppleWebKit/538.1 (KHTML, like Gecko) PhantomJS/2.1.1 Safari/538.1","webSecurityEnabled":true}
[INFO  - 2017-04-11T14:16:38.110Z] Session [79eaec90-1ec1-11e7-82cc-67a1e2201eb7] - page.customHeaders:  - {}
[INFO  - 2017-04-11T14:16:38.110Z] Session [79eaec90-1ec1-11e7-82cc-67a1e2201eb7] - Session.negotiatedCapabilities - {"browserName":"phantomjs","version":"2.1.1","driverName":"ghostdriver","driverVersion":"1.2.0","platform":"linux-unknown-64bit","javascriptEnabled":true,"takesScreenshot":true,"handlesAlerts":false,"databaseEnabled":false,"locationContextEnabled":false,"applicationCacheEnabled":false,"browserConnectionEnabled":false,"cssSelectorsEnabled":true,"webStorageEnabled":false,"rotatable":false,"acceptSslCerts":false,"nativeEvents":true,"proxy":{"proxyType":"direct"}}
[INFO  - 2017-04-11T14:16:38.110Z] SessionManagerReqHand - _postNewSessionCommand - New Session Created: 79eaec90-1ec1-11e7-82cc-67a1e2201eb7
[ERROR - 2017-04-11T14:16:43.633Z] Session [79eaec90-1ec1-11e7-82cc-67a1e2201eb7] - page.onError - msg: TypeError: undefined is not a function (evaluating '$("#deleteSelected").enable()')
[ERROR - 2017-04-11T14:16:43.634Z] Session [79eaec90-1ec1-11e7-82cc-67a1e2201eb7] - page.onError - stack:
  (anonymous function) (http://localhost:8080/ComputerDatabase/js/dashboard.js:37)
  dispatch (http://localhost:8080/ComputerDatabase/js/jquery.min.js:3)
  handle (http://localhost:8080/ComputerDatabase/js/jquery.min.js:3)
  sendEvent (:0)
  _pressKey (phantomjs://code/inputs.js:325)
  _sendKeys (phantomjs://code/inputs.js:237)
  _postValueCommand (phantomjs://code/webelement_request_handler.js:288)
  _handle (phantomjs://code/webelement_request_handler.js:72)
  _reroute (phantomjs://code/request_handler.js:61)
  _handle (phantomjs://code/session_request_handler.js:120)
  _reroute (phantomjs://code/request_handler.js:61)
  _handle (phantomjs://code/router_request_handler.js:78)
[ERROR - 2017-04-11T14:16:43.803Z] RouterReqHand - _handle.error - {"name":"Invalid Command Method","message":"{\"headers\":{\"Accept-Encoding\":\"gzip,deflate\",\"Cache-Control\":\"no-cache\",\"Connection\":\"Keep-Alive\",\"Host\":\"localhost:8708\",\"User-Agent\":\"Apache-HttpClient/4.5.2 (Java/1.8.0_121)\"},\"httpVersion\":\"1.1\",\"method\":\"GET\",\"url\":\"/alert_text\",\"urlParsed\":{\"anchor\":\"\",\"query\":\"\",\"file\":\"alert_text\",\"directory\":\"/\",\"path\":\"/alert_text\",\"relative\":\"/alert_text\",\"port\":\"\",\"host\":\"\",\"password\":\"\",\"user\":\"\",\"userInfo\":\"\",\"authority\":\"\",\"protocol\":\"\",\"source\":\"/alert_text\",\"queryKey\":{},\"chunks\":[\"alert_text\"]},\"urlOriginal\":\"/session/79eaec90-1ec1-11e7-82cc-67a1e2201eb7/alert_text\"}","line":202,"sourceURL":"phantomjs://code/session_request_handler.js","stack":"_handle@phantomjs://code/session_request_handler.js:202:66\n_reroute@phantomjs://code/request_handler.js:61:20\n_handle@phantomjs://code/router_request_handler.js:78:46"}
[INFO  - 2017-04-11T14:16:43.898Z] ShutdownReqHand - _handle - About to shutdown
[INFO  - 2017-04-11T14:18:10.251Z] GhostDriver - Main - running on port 15591
[INFO  - 2017-04-11T14:18:10.499Z] Session [b0fc84f0-1ec1-11e7-a645-47f86196ac35] - page.settings - {"XSSAuditingEnabled":false,"javascriptCanCloseWindows":true,"javascriptCanOpenWindows":true,"javascriptEnabled":true,"loadImages":true,"localToRemoteUrlAccessEnabled":false,"userAgent":"Mozilla/5.0 (Unknown; Linux x86_64) AppleWebKit/538.1 (KHTML, like Gecko) PhantomJS/2.1.1 Safari/538.1","webSecurityEnabled":true}
[INFO  - 2017-04-11T14:18:10.499Z] Session [b0fc84f0-1ec1-11e7-a645-47f86196ac35] - page.customHeaders:  - {}
[INFO  - 2017-04-11T14:18:10.499Z] Session [b0fc84f0-1ec1-11e7-a645-47f86196ac35] - Session.negotiatedCapabilities - {"browserName":"phantomjs","version":"2.1.1","driverName":"ghostdriver","driverVersion":"1.2.0","platform":"linux-unknown-64bit","javascriptEnabled":true,"takesScreenshot":true,"handlesAlerts":false,"databaseEnabled":false,"locationContextEnabled":false,"applicationCacheEnabled":false,"browserConnectionEnabled":false,"cssSelectorsEnabled":true,"webStorageEnabled":false,"rotatable":false,"acceptSslCerts":false,"nativeEvents":true,"proxy":{"proxyType":"direct"}}
[INFO  - 2017-04-11T14:18:10.499Z] SessionManagerReqHand - _postNewSessionCommand - New Session Created: b0fc84f0-1ec1-11e7-a645-47f86196ac35
[ERROR - 2017-04-11T14:18:16.000Z] Session [b0fc84f0-1ec1-11e7-a645-47f86196ac35] - page.onError - msg: TypeError: undefined is not a function (evaluating '$("#deleteSelected").enable()')
[ERROR - 2017-04-11T14:18:16.001Z] Session [b0fc84f0-1ec1-11e7-a645-47f86196ac35] - page.onError - stack:
  (anonymous function) (http://localhost:8080/ComputerDatabase/js/dashboard.js:37)
  dispatch (http://localhost:8080/ComputerDatabase/js/jquery.min.js:3)
  handle (http://localhost:8080/ComputerDatabase/js/jquery.min.js:3)
  sendEvent (:0)
  _pressKey (phantomjs://code/inputs.js:325)
  _sendKeys (phantomjs://code/inputs.js:237)
  _postValueCommand (phantomjs://code/webelement_request_handler.js:288)
  _handle (phantomjs://code/webelement_request_handler.js:72)
  _reroute (phantomjs://code/request_handler.js:61)
  _handle (phantomjs://code/session_request_handler.js:120)
  _reroute (phantomjs://code/request_handler.js:61)
  _handle (phantomjs://code/router_request_handler.js:78)
[INFO  - 2017-04-11T14:18:21.498Z] ShutdownReqHand - _handle - About to shutdown
[INFO  - 2017-04-11T14:19:50.538Z] GhostDriver - Main - running on port 18751
[INFO  - 2017-04-11T14:19:50.786Z] Session [ecc319e0-1ec1-11e7-960f-ed87efff7092] - page.settings - {"XSSAuditingEnabled":false,"javascriptCanCloseWindows":true,"javascriptCanOpenWindows":true,"javascriptEnabled":true,"loadImages":true,"localToRemoteUrlAccessEnabled":false,"userAgent":"Mozilla/5.0 (Unknown; Linux x86_64) AppleWebKit/538.1 (KHTML, like Gecko) PhantomJS/2.1.1 Safari/538.1","webSecurityEnabled":true}
[INFO  - 2017-04-11T14:19:50.786Z] Session [ecc319e0-1ec1-11e7-960f-ed87efff7092] - page.customHeaders:  - {}
[INFO  - 2017-04-11T14:19:50.786Z] Session [ecc319e0-1ec1-11e7-960f-ed87efff7092] - Session.negotiatedCapabilities - {"browserName":"phantomjs","version":"2.1.1","driverName":"ghostdriver","driverVersion":"1.2.0","platform":"linux-unknown-64bit","javascriptEnabled":true,"takesScreenshot":true,"handlesAlerts":false,"databaseEnabled":false,"locationContextEnabled":false,"applicationCacheEnabled":false,"browserConnectionEnabled":false,"cssSelectorsEnabled":true,"webStorageEnabled":false,"rotatable":false,"acceptSslCerts":false,"nativeEvents":true,"proxy":{"proxyType":"direct"}}
[INFO  - 2017-04-11T14:19:50.787Z] SessionManagerReqHand - _postNewSessionCommand - New Session Created: ecc319e0-1ec1-11e7-960f-ed87efff7092
[ERROR - 2017-04-11T14:19:56.276Z] Session [ecc319e0-1ec1-11e7-960f-ed87efff7092] - page.onError - msg: TypeError: undefined is not a function (evaluating '$("#deleteSelected").enable()')
[ERROR - 2017-04-11T14:19:56.277Z] Session [ecc319e0-1ec1-11e7-960f-ed87efff7092] - page.onError - stack:
  (anonymous function) (http://localhost:8080/ComputerDatabase/js/dashboard.js:37)
  dispatch (http://localhost:8080/ComputerDatabase/js/jquery.min.js:3)
  handle (http://localhost:8080/ComputerDatabase/js/jquery.min.js:3)
  sendEvent (:0)
  _pressKey (phantomjs://code/inputs.js:325)
  _sendKeys (phantomjs://code/inputs.js:237)
  _postValueCommand (phantomjs://code/webelement_request_handler.js:288)
  _handle (phantomjs://code/webelement_request_handler.js:72)
  _reroute (phantomjs://code/request_handler.js:61)
  _handle (phantomjs://code/session_request_handler.js:120)
  _reroute (phantomjs://code/request_handler.js:61)
  _handle (phantomjs://code/router_request_handler.js:78)
[ERROR - 2017-04-11T14:19:56.447Z] RouterReqHand - _handle.error - {"name":"Invalid Command Method","message":"{\"headers\":{\"Accept-Encoding\":\"gzip,deflate\",\"Cache-Control\":\"no-cache\",\"Connection\":\"Keep-Alive\",\"Host\":\"localhost:18751\",\"User-Agent\":\"Apache-HttpClient/4.5.2 (Java/1.8.0_121)\"},\"httpVersion\":\"1.1\",\"method\":\"GET\",\"url\":\"/alert_text\",\"urlParsed\":{\"anchor\":\"\",\"query\":\"\",\"file\":\"alert_text\",\"directory\":\"/\",\"path\":\"/alert_text\",\"relative\":\"/alert_text\",\"port\":\"\",\"host\":\"\",\"password\":\"\",\"user\":\"\",\"userInfo\":\"\",\"authority\":\"\",\"protocol\":\"\",\"source\":\"/alert_text\",\"queryKey\":{},\"chunks\":[\"alert_text\"]},\"urlOriginal\":\"/session/ecc319e0-1ec1-11e7-960f-ed87efff7092/alert_text\"}","line":202,"sourceURL":"phantomjs://code/session_request_handler.js","stack":"_handle@phantomjs://code/session_request_handler.js:202:66\n_reroute@phantomjs://code/request_handler.js:61:20\n_handle@phantomjs://code/router_request_handler.js:78:46"}
[INFO  - 2017-04-11T14:19:56.546Z] ShutdownReqHand - _handle - About to shutdown
[INFO  - 2017-04-11T14:29:50.234Z] GhostDriver - Main - running on port 20041
[INFO  - 2017-04-11T14:29:50.467Z] Session [523328f0-1ec3-11e7-80f6-db25ee393405] - page.settings - {"XSSAuditingEnabled":false,"javascriptCanCloseWindows":true,"javascriptCanOpenWindows":true,"javascriptEnabled":true,"loadImages":true,"localToRemoteUrlAccessEnabled":false,"userAgent":"Mozilla/5.0 (Unknown; Linux x86_64) AppleWebKit/538.1 (KHTML, like Gecko) PhantomJS/2.1.1 Safari/538.1","webSecurityEnabled":true}
[INFO  - 2017-04-11T14:29:50.467Z] Session [523328f0-1ec3-11e7-80f6-db25ee393405] - page.customHeaders:  - {}
[INFO  - 2017-04-11T14:29:50.468Z] Session [523328f0-1ec3-11e7-80f6-db25ee393405] - Session.negotiatedCapabilities - {"browserName":"phantomjs","version":"2.1.1","driverName":"ghostdriver","driverVersion":"1.2.0","platform":"linux-unknown-64bit","javascriptEnabled":true,"takesScreenshot":true,"handlesAlerts":false,"databaseEnabled":false,"locationContextEnabled":false,"applicationCacheEnabled":false,"browserConnectionEnabled":false,"cssSelectorsEnabled":true,"webStorageEnabled":false,"rotatable":false,"acceptSslCerts":false,"nativeEvents":true,"proxy":{"proxyType":"direct"}}
[INFO  - 2017-04-11T14:29:50.468Z] SessionManagerReqHand - _postNewSessionCommand - New Session Created: 523328f0-1ec3-11e7-80f6-db25ee393405
[INFO  - 2017-04-11T14:29:50.513Z] ShutdownReqHand - _handle - About to shutdown
